#
# A fatal error has been detected by the Java Runtime Environment:
#
#  EXCEPTION_ACCESS_VIOLATION (0xc0000005) at pc=0x0000029a5ec189da, pid=31124, tid=2304
#
# JRE version: Java(TM) SE Runtime Environment (24.0.1+9) (build 24.0.1+9-30)
# Java VM: Java HotSpot(TM) 64-Bit Server VM (24.0.1+9-30, mixed mode, sharing, tiered, compressed oops, compressed class ptrs, g1 gc, windows-amd64)
# Problematic frame:
# j  com.esotericsoftware.kryo.serializers.ReflectField.write(Lcom/esotericsoftware/kryo/io/Output;Ljava/lang/Object;)V+49
#
# No core dump will be written. Minidumps are not enabled by default on client versions of Windows
#
# If you would like to submit a bug report, please visit:
#   https://bugreport.java.com/bugreport/crash.jsp
#

---------------  S U M M A R Y ------------

Command Line: -javaagent:D:\App\IntelliJ IDEA 2025.1\lib\idea_rt.jar=57052 -Dfile.encoding=UTF-8 -Dsun.stdout.encoding=UTF-8 -Dsun.stderr.encoding=UTF-8 org.keyyh.stickmanfighter.server.GameServer

Host: 13th Gen Intel(R) Core(TM) i5-13420H, 12 cores, 15G,  Windows 11 , 64 bit Build 22621 (10.0.22621.5262)
Time: Tue Jun 24 19:01:01 2025 SE Asia Standard Time elapsed time: 0.194548 seconds (0d 0h 0m 0s)

---------------  T H R E A D  ---------------

Current thread (0x0000029a454d4d00):  JavaThread "Thread-0"  daemon [_thread_in_Java, id=2304, stack(0x000000c1e1100000,0x000000c1e1200000) (1024K)]

Stack: [0x000000c1e1100000,0x000000c1e1200000],  sp=0x000000c1e11fed20,  free space=1019k
Native frames: (J=compiled Java code, j=interpreted, Vv=VM code, C=native code)
C  0x0000029a5ec189da  (no source info available)

The last pc belongs to invokevirtual (printed below).

siginfo: EXCEPTION_ACCESS_VIOLATION (0xc0000005), reading address 0x000000050e811030


Registers:
RAX=0x0000000000000001, RBX=0x0000029a00484990, RCX=0x000000050e811030, RDX=0x0000000000000003
RSP=0x000000c1e11fed20, RBP=0x000000c1e11fed88, RSI=0x0000000000000110, RDI=0x0000029a5ec08948
R8 =0x000000050e811030, R9 =0x00000000000000de, R10=0x00007ff9969b4840, R11=0x000000c1e11fec68
R12=0x0000000000000000, R13=0x0000029a4147a8e1, R14=0x000000c1e11fedd0, R15=0x0000029a454d4d00
RIP=0x0000029a5ec189da, EFLAGS=0x0000000000010202

XMM[0]=0x0000000000000000 0x0000000000000000
XMM[1]=0x0000000000000000 0x0000000000000010
XMM[2]=0x0000000000000000 0x0000000000000000
XMM[3]=0x0000000000000000 0x0000000000000000
XMM[4]=0x0000000000000000 0x0000000000000000
XMM[5]=0x0000000000000000 0x0000000000000000
XMM[6]=0x0000000000000000 0x0000000000000000
XMM[7]=0x0000000000000000 0x0000000000000000
XMM[8]=0x0000000000000000 0x0000000000000000
XMM[9]=0x0000000000000000 0x0000000000000000
XMM[10]=0x0000000000000000 0x0000000000000000
XMM[11]=0x0000000000000000 0x0000000000000000
XMM[12]=0x0000000000000000 0x0000000000000000
XMM[13]=0x0000000000000000 0x0000000000000000
XMM[14]=0x0000000000000000 0x0000000000000000
XMM[15]=0x0000000000000000 0x0000000000000000
  MXCSR=0x00001fa0


Register to memory mapping:

RAX=0x0000000000000001 is an unknown value
RBX={method} {0x0000029a00484998} 'getClass' '()Ljava/lang/Class;' in 'java/lang/Object'
RCX=0x000000050e811030 is an unknown value
RDX=0x0000000000000003 is an unknown value
RSP=0x000000c1e11fed20 is pointing into the stack for thread: 0x0000029a454d4d00
RBP=0x000000c1e11fed88 is pointing into the stack for thread: 0x0000029a454d4d00
RSI=0x0000000000000110 is an unknown value
RDI=0x0000029a5ec08948 is at code_begin+1608 in an Interpreter codelet
return entry points  [0x0000029a5ec08300, 0x0000029a5ec08f90]  3216 bytes
R8 =0x000000050e811030 is an unknown value
R9 =0x00000000000000de is an unknown value
R10=0x00007ff9969b4840 jvm.dll
R11=0x000000c1e11fec68 is pointing into the stack for thread: 0x0000029a454d4d00
R12=0x0 is null
R13=0x0000029a4147a8e1 is pointing into metadata
R14=0x000000c1e11fedd0 is pointing into the stack for thread: 0x0000029a454d4d00
R15=0x0000029a454d4d00 is a thread

Top of Stack: (sp=0x000000c1e11fed20)
0x000000c1e11fed20:   0000029a5ec0899a 000000050e811030   ...^....0.......
0x000000c1e11fed30:   0000000713a951c0 0000000714002f10   .Q......./......
0x000000c1e11fed40:   fffffffffffffff7 0000029a4147a8e1   ..........GA....
0x000000c1e11fed50:   0000000000000009 0000029a41487f98   ..........HA....
0x000000c1e11fed60:   0000000000000000 0000000713eb9650   ........P.......
0x000000c1e11fed70:   0000029a4147ab78 0000000000000000   x.GA............
0x000000c1e11fed80:   000000c1e11fedc0 000000c1e11fee20   ........ .......
0x000000c1e11fed90:   0000029a5ec08800 0000000000000000   ...^............
0x000000c1e11feda0:   0000000000000000 0000000000000000   ................
0x000000c1e11fedb0:   000000050e811030 0000000714002f10   0......../......
0x000000c1e11fedc0:   0000000713a84370 0000000713a951c0   pC.......Q......
0x000000c1e11fedd0:   0000000713ef7188 fffffffffffffff7   .q..............
0x000000c1e11fede0:   0000029a4142ccea 000000000000000a   ..BA............
0x000000c1e11fedf0:   0000029a4146f4a0 0000000000000000   ..FA............
0x000000c1e11fee00:   0000000714026e10 0000029a4142cde0   .n........BA....
0x000000c1e11fee10:   fffffffffffffff4 000000c1e11fee58   ........X.......
0x000000c1e11fee20:   000000c1e11feec0 0000029a5ec08800   ...........^....
0x000000c1e11fee30:   0000000000000000 0000000000000002   ................
0x000000c1e11fee40:   0000000000000000 0000000713ef71c8   .........q......
0x000000c1e11fee50:   0000000000000000 0000000713a84370   ........pC......
0x000000c1e11fee60:   0000000713a951c0 0000000714002f10   .Q......./......
0x000000c1e11fee70:   0000000713ef5910 fffffffffffffff7   .Y..............
0x000000c1e11fee80:   0000029a4140fd83 0000000000000006   ..@A............
0x000000c1e11fee90:   0000029a41420db8 0000000000000000   ..BA............
0x000000c1e11feea0:   00000007142c61b8 0000029a4140fe28   .a,.....(.@A....
0x000000c1e11feeb0:   fffffffffffffff3 000000c1e11feed8   ................
0x000000c1e11feec0:   000000c1e11fef40 0000029a5ec08800   @..........^....
0x000000c1e11feed0:   0000000000000000 0000000713ef5910   .........Y......
0x000000c1e11feee0:   0000000713a84370 0000000713a951c0   pC.......Q......
0x000000c1e11feef0:   0000000714002f10 fffffffffffffff7   ./..............
0x000000c1e11fef00:   0000029a4147a908 0000000000000009   ..GA............
0x000000c1e11fef10:   0000029a41487f98 0000000000000000   ..HA............

Instructions: (pc=0x0000029a5ec189da)
  0x0000029a5ec188da:   99 00 00 00 48 8b d3 48 8d 44 24 08 4c 89 6d c0
  0x0000029a5ec188ea:   49 8b cf c5 f8 77 49 89 af b8 03 00 00 49 89 87
  0x0000029a5ec188fa:   a8 03 00 00 48 83 ec 20 40 f6 c4 0f 0f 84 19 00
  0x0000029a5ec1890a:   00 00 48 83 ec 08 48 b8 10 5e 0f 96 f9 7f 00 00
  0x0000029a5ec1891a:   ff d0 48 83 c4 08 e9 0c 00 00 00 48 b8 10 5e 0f
  0x0000029a5ec1892a:   96 f9 7f 00 00 ff d0 48 83 c4 20 49 c7 87 a8 03
  0x0000029a5ec1893a:   00 00 00 00 00 00 49 c7 87 b8 03 00 00 00 00 00
  0x0000029a5ec1894a:   00 49 c7 87 b0 03 00 00 00 00 00 00 c5 f8 77 49
  0x0000029a5ec1895a:   83 7f 08 00 0f 84 05 00 00 00 e9 57 85 fe ff 4c
  0x0000029a5ec1896a:   8b 6d c0 4c 8b 75 c8 4e 8d 74 f5 00 c3 48 8b 4d
  0x0000029a5ec1897a:   d0 41 0f b7 55 01 48 8b 49 38 6b d2 18 48 8d 4c
  0x0000029a5ec1898a:   11 08 0f b6 51 15 f6 c2 01 0f 85 09 00 00 00 0f
  0x0000029a5ec1899a:   b7 59 08 e9 03 00 00 00 48 8b 19 4c 89 6d c0 44
  0x0000029a5ec189aa:   8b ea 0f b6 51 14 0f b7 49 12 48 8b 4c cc f8 49
  0x0000029a5ec189ba:   ba 40 48 9b 96 f9 7f 00 00 49 8b 14 d2 52 41 8b
  0x0000029a5ec189ca:   d5 4c 8b 6d c0 8b c2 83 e0 01 0f 84 82 01 00 00
=>0x0000029a5ec189da:   48 3b 01 48 8b 45 d8 48 85 c0 0f 84 12 00 00 00
  0x0000029a5ec189ea:   48 83 40 08 01 48 83 58 08 00 48 83 c0 30 48 89
  0x0000029a5ec189fa:   45 d8 48 8b 45 d8 48 85 c0 0f 84 3d 01 00 00 80
  0x0000029a5ec18a0a:   78 d0 0b 0f 85 33 01 00 00 48 83 c0 08 4c 8b 68
  0x0000029a5ec18a1a:   f8 41 83 ed 00 41 83 fd 02 0f 8c 12 01 00 00 4c
  0x0000029a5ec18a2a:   8b 6b 08 45 0f b7 6d 2e 4c 2b 28 41 83 ed 01 4e
  0x0000029a5ec18a3a:   8b 6c ec 08 4d 85 ed 75 0e f6 40 08 01 75 58 f0
  0x0000029a5ec18a4a:   48 83 48 08 01 eb 50 45 8b 6d 08 49 ba 00 00 00
  0x0000029a5ec18a5a:   00 9a 02 00 00 4d 03 ea 4d 8b d5 4c 33 68 08 49
  0x0000029a5ec18a6a:   f7 c5 fc ff ff ff 74 2f 41 f6 c5 02 75 29 48 83
  0x0000029a5ec18a7a:   78 08 00 74 1e 48 83 78 08 01 74 17 4d 8b ea 4c
  0x0000029a5ec18a8a:   33 68 08 49 f7 c5 fc ff ff ff 74 0b 48 83 48 08
  0x0000029a5ec18a9a:   02 eb 04 4c 89 68 08 48 83 c0 10 4c 8b 68 e8 41
  0x0000029a5ec18aaa:   83 ed 02 41 83 fd 02 0f 8c 84 00 00 00 4c 8b 6b
  0x0000029a5ec18aba:   08 45 0f b7 6d 2e 4c 2b 28 41 83 ed 01 4e 8b 6c
  0x0000029a5ec18aca:   ec 08 4d 85 ed 75 0e f6 40 08 01 75 58 f0 48 83


Stack slot to memory mapping:

stack at sp + 0 slots: 0x0000029a5ec0899a is at code_begin+1690 in an Interpreter codelet
return entry points  [0x0000029a5ec08300, 0x0000029a5ec08f90]  3216 bytes
stack at sp + 1 slots: 0x000000050e811030 is an unknown value
stack at sp + 2 slots: 0x0000000713a951c0 is an oop: com.esotericsoftware.kryo.io.Output 
{0x0000000713a951c0} - klass: 'com/esotericsoftware/kryo/io/Output' - flags: 

 - ---- fields (total size 6 words):
 - protected 'maxCapacity' 'I' @12  4096 (0x00001000)
 - protected 'total' 'J' @16  0 (0x0000000000000000)
 - protected 'position' 'I' @24  2 (0x00000002)
 - protected 'capacity' 'I' @28  4096 (0x00001000)
 - protected 'varEncoding' 'Z' @32  true (0x01)
 - protected 'buffer' '[B' @36  [B{0x0000000713a951f0} (0xe2752a3e)
 - protected 'outputStream' 'Ljava/io/OutputStream;' @40  a 'java/io/ByteArrayOutputStream'{0x0000000713a843a0} (0xe2750874)
stack at sp + 3 slots: 0x0000000714002f10 is an oop: com.esotericsoftware.kryo.Kryo 
{0x0000000714002f10} - klass: 'com/esotericsoftware/kryo/Kryo' - flags: 

 - ---- fields (total size 12 words):
 - private final 'lowPriorityDefaultSerializerCount' 'I' @12  69 (0x00000045)
 - private 'nextRegisterID' 'I' @16  20 (0x00000014)
 - private 'depth' 'I' @20  2 (0x00000002)
 - private 'maxDepth' 'I' @24  2147483647 (0x7fffffff)
 - private 'copyDepth' 'I' @28  0 (0x00000000)
 - private 'registrationRequired' 'Z' @32  true (0x01)
 - private 'warnUnregisteredClasses' 'Z' @33  false (0x00)
 - private 'autoReset' 'Z' @34  true (0x01)
 - private 'references' 'Z' @35  false (0x00)
 - private 'copyReferences' 'Z' @36  true (0x01)
 - private 'copyShallow' 'Z' @37  false (0x00)
 - private 'defaultSerializer' 'Lcom/esotericsoftware/kryo/SerializerFactory;' @40  a 'com/esotericsoftware/kryo/SerializerFactory$FieldSerializerFactory'{0x0000000714026f40} (0xe2804de8)
 - private final 'defaultSerializers' 'Ljava/util/ArrayList;' @44  a 'java/util/ArrayList'{0x000000071402aa88} (0xe2805551)
 - private final 'classResolver' 'Lcom/esotericsoftware/kryo/ClassResolver;' @48  a 'com/esotericsoftware/kryo/util/DefaultClassResolver'{0x0000000714009ad0} (0xe280135a)
 - private 'classLoader' 'Ljava/lang/ClassLoader;' @52  a 'jdk/internal/loader/ClassLoaders$AppClassLoader'{0x0000000714417aa0} (0xe2882f54)
 - private 'strategy' 'Lorg/objenesis/strategy/InstantiatorStrategy;' @56  a 'com/esotericsoftware/kryo/util/DefaultInstantiatorStrategy'{0x000000071402f800} (0xe2805f00)
 - private volatile 'thread' 'Ljava/lang/Thread;' @60  null (0x00000000)
 - private 'context' 'Lcom/esotericsoftware/kryo/util/ObjectMap;' @64  null (0x00000000)
 - private 'graphContext' 'Lcom/esotericsoftware/kryo/util/ObjectMap;' @68  null (0x00000000)
 - private 'referenceResolver' 'Lcom/esotericsoftware/kryo/ReferenceResolver;' @72  null (0x00000000)
 - private final 'readReferenceIds' 'Lcom/esotericsoftware/kryo/util/IntArray;' @76  a 'com/esotericsoftware/kryo/util/IntArray'{0x0000000714036ca8} (0xe2806d95)
 - private 'readObject' 'Ljava/lang/Object;' @80  null (0x00000000)
 - private 'originalToCopy' 'Lcom/esotericsoftware/kryo/util/IdentityMap;' @84  null (0x00000000)
 - private 'needsCopyReference' 'Ljava/lang/Object;' @88  null (0x00000000)
 - private 'generics' 'Lcom/esotericsoftware/kryo/util/Generics;' @92  a 'com/esotericsoftware/kryo/util/DefaultGenerics'{0x000000071403a9b8} (0xe2807537)
stack at sp + 4 slots: 0xfffffffffffffff7 is an unknown value
stack at sp + 5 slots: 0x0000029a4147a8e1 is pointing into metadata
stack at sp + 6 slots: 0x0000000000000009 is an unknown value
stack at sp + 7 slots: 0x0000029a41487f98 is pointing into metadata

Lock stack of current Java thread (top to bottom):

invokevirtual  182 invokevirtual  [0x0000029a5ec18880, 0x0000029a5ec18d78]  1272 bytes
[MachCode]
  0x0000029a5ec18880: 4883 ec08 | c5fa 1104 | 24eb 1f48 | 83ec 10c5 | fb11 0424 | eb14 4883 | ec10 4889 | 0424 48c7 
  0x0000029a5ec188a0: 4424 0800 | 0000 00eb | 0150 488b | 4dd0 410f | b755 0148 | 8b49 386b | d218 488d | 4c11 080f 
  0x0000029a5ec188c0: b659 1781 | fbb6 0000 | 000f 84bd | 0000 00bb | b600 0000 | e805 0000 | 00e9 9900 | 0000 488b 
  0x0000029a5ec188e0: d348 8d44 | 2408 4c89 | 6dc0 498b | cfc5 f877 | 4989 afb8 | 0300 0049 | 8987 a803 | 0000 4883 
  0x0000029a5ec18900: ec20 40f6 | c40f 0f84 | 1900 0000 | 4883 ec08 | 48b8 105e | 0f96 f97f | 0000 ffd0 | 4883 c408 
  0x0000029a5ec18920: e90c 0000 | 0048 b810 | 5e0f 96f9 | 7f00 00ff | d048 83c4 | 2049 c787 | a803 0000 | 0000 0000 
  0x0000029a5ec18940: 49c7 87b8 | 0300 0000 | 0000 0049 | c787 b003 | 0000 0000 | 0000 c5f8 | 7749 837f | 0800 0f84 
  0x0000029a5ec18960: 0500 0000 | e957 85fe | ff4c 8b6d | c04c 8b75 | c84e 8d74 | f500 c348 | 8b4d d041 | 0fb7 5501 
  0x0000029a5ec18980: 488b 4938 | 6bd2 1848 | 8d4c 1108 | 0fb6 5115 | f6c2 010f | 8509 0000 | 000f b759 | 08e9 0300 
  0x0000029a5ec189a0: 0000 488b | 194c 896d | c044 8bea | 0fb6 5114 | 0fb7 4912 | 488b 4ccc | f849 ba40 | 489b 96f9 
  0x0000029a5ec189c0: 7f00 0049 | 8b14 d252 | 418b d54c | 8b6d c08b | c283 e001 | 0f84 8201 | 0000 483b | 0148 8b45 
  0x0000029a5ec189e0: d848 85c0 | 0f84 1200 | 0000 4883 | 4008 0148 | 8358 0800 | 4883 c030 | 4889 45d8 | 488b 45d8 
  0x0000029a5ec18a00: 4885 c00f | 843d 0100 | 0080 78d0 | 0b0f 8533 | 0100 0048 | 83c0 084c | 8b68 f841 | 83ed 0041 
  0x0000029a5ec18a20: 83fd 020f | 8c12 0100 | 004c 8b6b | 0845 0fb7 | 6d2e 4c2b | 2841 83ed | 014e 8b6c | ec08 4d85 
  0x0000029a5ec18a40: ed75 0ef6 | 4008 0175 | 58f0 4883 | 4808 01eb | 5045 8b6d | 0849 ba00 | 0000 009a | 0200 004d 
  0x0000029a5ec18a60: 03ea 4d8b | d54c 3368 | 0849 f7c5 | fcff ffff | 742f 41f6 | c502 7529 | 4883 7808 | 0074 1e48 
  0x0000029a5ec18a80: 8378 0801 | 7417 4d8b | ea4c 3368 | 0849 f7c5 | fcff ffff | 740b 4883 | 4808 02eb | 044c 8968 
  0x0000029a5ec18aa0: 0848 83c0 | 104c 8b68 | e841 83ed | 0241 83fd | 020f 8c84 | 0000 004c | 8b6b 0845 | 0fb7 6d2e 
  0x0000029a5ec18ac0: 4c2b 2841 | 83ed 014e | 8b6c ec08 | 4d85 ed75 | 0ef6 4008 | 0175 58f0 | 4883 4808 | 01eb 5045 
  0x0000029a5ec18ae0: 8b6d 0849 | ba00 0000 | 009a 0200 | 004d 03ea | 4d8b d54c | 3368 0849 | f7c5 fcff | ffff 742f 
  0x0000029a5ec18b00: 41f6 c502 | 7529 4883 | 7808 0074 | 1e48 8378 | 0801 7417 | 4d8b ea4c | 3368 0849 | f7c5 fcff 
  0x0000029a5ec18b20: ffff 740b | 4883 4808 | 02eb 044c | 8968 0848 | 83c0 104c | 8b68 d841 | 83ed 0441 | c1e5 0349 
  0x0000029a5ec18b40: 03c5 4889 | 45d8 4c8d | 6c24 0849 | 8bcd 482b | cd48 c1f9 | 0348 894d | f0ff 6350 | 8b41 0849 
  0x0000029a5ec18b60: ba00 0000 | 009a 0200 | 0049 03c2 | 4c8b 75d8 | 4d85 f60f | 8495 0000 | 0049 8b56 | 1048 3bd0 
  0x0000029a5ec18b80: 0f85 0f00 | 0000 4983 | 4618 0149 | 835e 1800 | e971 0000 | 0048 85d2 | 0f84 4200 | 0000 498b 
  0x0000029a5ec18ba0: 5620 483b | d00f 850f | 0000 0049 | 8346 2801 | 4983 5e28 | 00e9 4c00 | 0000 4885 | d274 0f49 
  0x0000029a5ec18bc0: 8346 0801 | 4983 5e08 | 00e9 3800 | 0000 4989 | 4620 ba01 | 0000 0049 | 8956 28e9 | 2600 0000 
  0x0000029a5ec18be0: 493b 4620 | 0f85 0f00 | 0000 4983 | 4628 0149 | 835e 2800 | e90d 0000 | 0049 8946 | 10ba 0100 
  0x0000029a5ec18c00: 0000 4989 | 5618 4983 | c630 4c89 | 75d8 488b | 9cd8 e001 | 0000 488b | 55d8 4885 | d20f 843d 
  0x0000029a5ec18c20: 0100 0080 | 7ad0 0b0f | 8533 0100 | 0048 83c2 | 084c 8b6a | f841 83ed | 0041 83fd | 020f 8c12 
  0x0000029a5ec18c40: 0100 004c | 8b6b 0845 | 0fb7 6d2e | 4c2b 2a41 | 83ed 014e | 8b6c ec08 | 4d85 ed75 | 0ef6 4208 
  0x0000029a5ec18c60: 0175 58f0 | 4883 4a08 | 01eb 5045 | 8b6d 0849 | ba00 0000 | 009a 0200 | 004d 03ea | 4d8b d54c 
  0x0000029a5ec18c80: 336a 0849 | f7c5 fcff | ffff 742f | 41f6 c502 | 7529 4883 | 7a08 0074 | 1e48 837a | 0801 7417 
  0x0000029a5ec18ca0: 4d8b ea4c | 336a 0849 | f7c5 fcff | ffff 740b | 4883 4a08 | 02eb 044c | 896a 0848 | 83c2 104c 
  0x0000029a5ec18cc0: 8b6a e841 | 83ed 0241 | 83fd 020f | 8c84 0000 | 004c 8b6b | 0845 0fb7 | 6d2e 4c2b | 2a41 83ed 
  0x0000029a5ec18ce0: 014e 8b6c | ec08 4d85 | ed75 0ef6 | 4208 0175 | 58f0 4883 | 4a08 01eb | 5045 8b6d | 0849 ba00 
  0x0000029a5ec18d00: 0000 009a | 0200 004d | 03ea 4d8b | d54c 336a | 0849 f7c5 | fcff ffff | 742f 41f6 | c502 7529 
  0x0000029a5ec18d20: 4883 7a08 | 0074 1e48 | 837a 0801 | 7417 4d8b | ea4c 336a | 0849 f7c5 | fcff ffff | 740b 4883 
  0x0000029a5ec18d40: 4a08 02eb | 044c 896a | 0848 83c2 | 104c 8b6a | d841 83ed | 0441 c1e5 | 0349 03d5 | 4889 55d8 
  0x0000029a5ec18d60: 4c8d 6c24 | 0849 8bcd | 482b cd48 | c1f9 0348 | 894d f0ff | 6350 6690 
[/MachCode]

---------------  P R O C E S S  ---------------

Threads class SMR info:
_java_thread_list=0x0000029a45284a20, length=15, elements={
0x0000029a4ee317e0, 0x0000029a6e06c540, 0x0000029a6e06d140, 0x0000029a6e070600,
0x0000029a6e071460, 0x0000029a6e0748f0, 0x0000029a6e076970, 0x0000029a450183c0,
0x0000029a45021f60, 0x0000029a45213010, 0x0000029a4525d0b0, 0x0000029a4525d7f0,
0x0000029a454d4d00, 0x0000029a45760890, 0x0000029a45574010
}

Java Threads: ( => current thread )
  0x0000029a4ee317e0 JavaThread "main"                              [_thread_blocked, id=31732, stack(0x000000c1dfe00000,0x000000c1dff00000) (1024K)]
  0x0000029a6e06c540 JavaThread "Reference Handler"          daemon [_thread_blocked, id=42940, stack(0x000000c1e0600000,0x000000c1e0700000) (1024K)]
  0x0000029a6e06d140 JavaThread "Finalizer"                  daemon [_thread_blocked, id=25324, stack(0x000000c1e0700000,0x000000c1e0800000) (1024K)]
  0x0000029a6e070600 JavaThread "Signal Dispatcher"          daemon [_thread_blocked, id=37736, stack(0x000000c1e0800000,0x000000c1e0900000) (1024K)]
  0x0000029a6e071460 JavaThread "Attach Listener"            daemon [_thread_blocked, id=28768, stack(0x000000c1e0900000,0x000000c1e0a00000) (1024K)]
  0x0000029a6e0748f0 JavaThread "Service Thread"             daemon [_thread_blocked, id=24996, stack(0x000000c1e0a00000,0x000000c1e0b00000) (1024K)]
  0x0000029a6e076970 JavaThread "Monitor Deflation Thread"   daemon [_thread_blocked, id=41652, stack(0x000000c1e0b00000,0x000000c1e0c00000) (1024K)]
  0x0000029a450183c0 JavaThread "C2 CompilerThread0"         daemon [_thread_blocked, id=40392, stack(0x000000c1e0c00000,0x000000c1e0d00000) (1024K)]
  0x0000029a45021f60 JavaThread "C1 CompilerThread0"         daemon [_thread_blocked, id=14760, stack(0x000000c1e0d00000,0x000000c1e0e00000) (1024K)]
  0x0000029a45213010 JavaThread "Common-Cleaner"             daemon [_thread_blocked, id=18720, stack(0x000000c1e0e00000,0x000000c1e0f00000) (1024K)]
  0x0000029a4525d0b0 JavaThread "Monitor Ctrl-Break"         daemon [_thread_in_native, id=42132, stack(0x000000c1e0f00000,0x000000c1e1000000) (1024K)]
  0x0000029a4525d7f0 JavaThread "Notification Thread"        daemon [_thread_blocked, id=35508, stack(0x000000c1e1000000,0x000000c1e1100000) (1024K)]
=>0x0000029a454d4d00 JavaThread "Thread-0"                   daemon [_thread_in_Java, id=2304, stack(0x000000c1e1100000,0x000000c1e1200000) (1024K)]
  0x0000029a45760890 JavaThread "pool-1-thread-1"                   [_thread_blocked, id=43632, stack(0x000000c1e1200000,0x000000c1e1300000) (1024K)]
  0x0000029a45574010 JavaThread "C2 CompilerThread1"         daemon [_thread_blocked, id=43192, stack(0x000000c1e1300000,0x000000c1e1400000) (1024K)]
Total: 15

Other Threads:
  0x0000029a6e05ad40 VMThread "VM Thread"                           [id=12044, stack(0x000000c1e0500000,0x000000c1e0600000) (1024K)]
  0x0000029a6e04b330 WatcherThread "VM Periodic Task Thread"        [id=30100, stack(0x000000c1e0400000,0x000000c1e0500000) (1024K)]
  0x0000029a4cabe740 WorkerThread "GC Thread#0"                     [id=30944, stack(0x000000c1dff00000,0x000000c1e0000000) (1024K)]
  0x0000029a4eee7010 ConcurrentGCThread "G1 Main Marker"            [id=39852, stack(0x000000c1e0000000,0x000000c1e0100000) (1024K)]
  0x0000029a4eee7b20 WorkerThread "G1 Conc#0"                       [id=11984, stack(0x000000c1e0100000,0x000000c1e0200000) (1024K)]
  0x0000029a6df0cd70 ConcurrentGCThread "G1 Refine#0"               [id=12720, stack(0x000000c1e0200000,0x000000c1e0300000) (1024K)]
  0x0000029a6df0d8f0 ConcurrentGCThread "G1 Service"                [id=39964, stack(0x000000c1e0300000,0x000000c1e0400000) (1024K)]
Total: 7

Threads with active compile tasks:
Total: 0

VM state: not at safepoint (normal execution)

VM Mutex/Monitor currently owned by a thread:  ([mutex/lock_event])
[0x00007ff9969a3030] MethodCompileQueue_lock - owner thread: 0x0000029a45021f60

Heap address: 0x0000000704a00000, size: 4022 MB, Compressed Oops mode: Zero based, Oop shift amount: 3

CDS archive(s) mapped at: [0x0000029a00000000-0x0000029a00d40000-0x0000029a00d40000), size 13893632, SharedBaseAddress: 0x0000029a00000000, ArchiveRelocationMode: 1.
Compressed class space mapped at: 0x0000029a01000000-0x0000029a41000000, reserved size: 1073741824
UseCompressedClassPointers 1, UseCompactObjectHeaders 0
Narrow klass pointer bits 32, Max shift 3
Narrow klass base: 0x0000029a00000000, Narrow klass shift: 0
Encoding Range: [0x0000029a00000000 - 0x0000029b00000000), (4294967296 bytes)
Klass Range:    [0x0000029a00000000 - 0x0000029a41000000), (1090519040 bytes)
Klass ID Range:  [8 - 1090519033) (1090519025)

GC Precious Log:
 CardTable entry size: 512
 Card Set container configuration: InlinePtr #cards 4 size 8 Array Of Cards #cards 16 size 48 Howl #buckets 8 coarsen threshold 3686 Howl Bitmap #cards 512 size 80 coarsen threshold 460 Card regions per heap region 1 cards per card region 4096
 CPUs: 12 total, 12 available
 Memory: 16087M
 Large Page Support: Disabled
 NUMA Support: Disabled
 Compressed Oops: Enabled (Zero based)
 Heap Region Size: 2M
 Heap Min Capacity: 8M
 Heap Initial Capacity: 252M
 Heap Max Capacity: 4022M
 Pre-touch: Disabled
 Parallel Workers: 10
 Concurrent Workers: 3
 Concurrent Refinement Workers: 10
 Periodic GC: Disabled

Heap:
 garbage-first heap   total reserved 4118528K, committed 260096K, used 11380K [0x0000000704a00000, 0x0000000800000000)
  region size 2048K, 6 young (12288K), 0 survivors (0K)
 Metaspace       used 3420K, committed 3584K, reserved 1114112K
  class space    used 319K, committed 384K, reserved 1048576K

Heap Regions: E=young(eden), S=young(survivor), O=old, HS=humongous(starts), HC=humongous(continues), CS=collection set, F=free, TAMS=top-at-mark-start, PB=parsable bottom
|   0|0x0000000704a00000, 0x0000000704a00000, 0x0000000704c00000|  0%| F|  |TAMS 0x0000000704a00000| PB 0x0000000704a00000| Untracked |  0
|   1|0x0000000704c00000, 0x0000000704c00000, 0x0000000704e00000|  0%| F|  |TAMS 0x0000000704c00000| PB 0x0000000704c00000| Untracked |  0
|   2|0x0000000704e00000, 0x0000000704e00000, 0x0000000705000000|  0%| F|  |TAMS 0x0000000704e00000| PB 0x0000000704e00000| Untracked |  0
|   3|0x0000000705000000, 0x0000000705000000, 0x0000000705200000|  0%| F|  |TAMS 0x0000000705000000| PB 0x0000000705000000| Untracked |  0
|   4|0x0000000705200000, 0x0000000705200000, 0x0000000705400000|  0%| F|  |TAMS 0x0000000705200000| PB 0x0000000705200000| Untracked |  0
|   5|0x0000000705400000, 0x0000000705400000, 0x0000000705600000|  0%| F|  |TAMS 0x0000000705400000| PB 0x0000000705400000| Untracked |  0
|   6|0x0000000705600000, 0x0000000705600000, 0x0000000705800000|  0%| F|  |TAMS 0x0000000705600000| PB 0x0000000705600000| Untracked |  0
|   7|0x0000000705800000, 0x0000000705800000, 0x0000000705a00000|  0%| F|  |TAMS 0x0000000705800000| PB 0x0000000705800000| Untracked |  0
|   8|0x0000000705a00000, 0x0000000705a00000, 0x0000000705c00000|  0%| F|  |TAMS 0x0000000705a00000| PB 0x0000000705a00000| Untracked |  0
|   9|0x0000000705c00000, 0x0000000705c00000, 0x0000000705e00000|  0%| F|  |TAMS 0x0000000705c00000| PB 0x0000000705c00000| Untracked |  0
|  10|0x0000000705e00000, 0x0000000705e00000, 0x0000000706000000|  0%| F|  |TAMS 0x0000000705e00000| PB 0x0000000705e00000| Untracked |  0
|  11|0x0000000706000000, 0x0000000706000000, 0x0000000706200000|  0%| F|  |TAMS 0x0000000706000000| PB 0x0000000706000000| Untracked |  0
|  12|0x0000000706200000, 0x0000000706200000, 0x0000000706400000|  0%| F|  |TAMS 0x0000000706200000| PB 0x0000000706200000| Untracked |  0
|  13|0x0000000706400000, 0x0000000706400000, 0x0000000706600000|  0%| F|  |TAMS 0x0000000706400000| PB 0x0000000706400000| Untracked |  0
|  14|0x0000000706600000, 0x0000000706600000, 0x0000000706800000|  0%| F|  |TAMS 0x0000000706600000| PB 0x0000000706600000| Untracked |  0
|  15|0x0000000706800000, 0x0000000706800000, 0x0000000706a00000|  0%| F|  |TAMS 0x0000000706800000| PB 0x0000000706800000| Untracked |  0
|  16|0x0000000706a00000, 0x0000000706a00000, 0x0000000706c00000|  0%| F|  |TAMS 0x0000000706a00000| PB 0x0000000706a00000| Untracked |  0
|  17|0x0000000706c00000, 0x0000000706c00000, 0x0000000706e00000|  0%| F|  |TAMS 0x0000000706c00000| PB 0x0000000706c00000| Untracked |  0
|  18|0x0000000706e00000, 0x0000000706e00000, 0x0000000707000000|  0%| F|  |TAMS 0x0000000706e00000| PB 0x0000000706e00000| Untracked |  0
|  19|0x0000000707000000, 0x0000000707000000, 0x0000000707200000|  0%| F|  |TAMS 0x0000000707000000| PB 0x0000000707000000| Untracked |  0
|  20|0x0000000707200000, 0x0000000707200000, 0x0000000707400000|  0%| F|  |TAMS 0x0000000707200000| PB 0x0000000707200000| Untracked |  0
|  21|0x0000000707400000, 0x0000000707400000, 0x0000000707600000|  0%| F|  |TAMS 0x0000000707400000| PB 0x0000000707400000| Untracked |  0
|  22|0x0000000707600000, 0x0000000707600000, 0x0000000707800000|  0%| F|  |TAMS 0x0000000707600000| PB 0x0000000707600000| Untracked |  0
|  23|0x0000000707800000, 0x0000000707800000, 0x0000000707a00000|  0%| F|  |TAMS 0x0000000707800000| PB 0x0000000707800000| Untracked |  0
|  24|0x0000000707a00000, 0x0000000707a00000, 0x0000000707c00000|  0%| F|  |TAMS 0x0000000707a00000| PB 0x0000000707a00000| Untracked |  0
|  25|0x0000000707c00000, 0x0000000707c00000, 0x0000000707e00000|  0%| F|  |TAMS 0x0000000707c00000| PB 0x0000000707c00000| Untracked |  0
|  26|0x0000000707e00000, 0x0000000707e00000, 0x0000000708000000|  0%| F|  |TAMS 0x0000000707e00000| PB 0x0000000707e00000| Untracked |  0
|  27|0x0000000708000000, 0x0000000708000000, 0x0000000708200000|  0%| F|  |TAMS 0x0000000708000000| PB 0x0000000708000000| Untracked |  0
|  28|0x0000000708200000, 0x0000000708200000, 0x0000000708400000|  0%| F|  |TAMS 0x0000000708200000| PB 0x0000000708200000| Untracked |  0
|  29|0x0000000708400000, 0x0000000708400000, 0x0000000708600000|  0%| F|  |TAMS 0x0000000708400000| PB 0x0000000708400000| Untracked |  0
|  30|0x0000000708600000, 0x0000000708600000, 0x0000000708800000|  0%| F|  |TAMS 0x0000000708600000| PB 0x0000000708600000| Untracked |  0
|  31|0x0000000708800000, 0x0000000708800000, 0x0000000708a00000|  0%| F|  |TAMS 0x0000000708800000| PB 0x0000000708800000| Untracked |  0
|  32|0x0000000708a00000, 0x0000000708a00000, 0x0000000708c00000|  0%| F|  |TAMS 0x0000000708a00000| PB 0x0000000708a00000| Untracked |  0
|  33|0x0000000708c00000, 0x0000000708c00000, 0x0000000708e00000|  0%| F|  |TAMS 0x0000000708c00000| PB 0x0000000708c00000| Untracked |  0
|  34|0x0000000708e00000, 0x0000000708e00000, 0x0000000709000000|  0%| F|  |TAMS 0x0000000708e00000| PB 0x0000000708e00000| Untracked |  0
|  35|0x0000000709000000, 0x0000000709000000, 0x0000000709200000|  0%| F|  |TAMS 0x0000000709000000| PB 0x0000000709000000| Untracked |  0
|  36|0x0000000709200000, 0x0000000709200000, 0x0000000709400000|  0%| F|  |TAMS 0x0000000709200000| PB 0x0000000709200000| Untracked |  0
|  37|0x0000000709400000, 0x0000000709400000, 0x0000000709600000|  0%| F|  |TAMS 0x0000000709400000| PB 0x0000000709400000| Untracked |  0
|  38|0x0000000709600000, 0x0000000709600000, 0x0000000709800000|  0%| F|  |TAMS 0x0000000709600000| PB 0x0000000709600000| Untracked |  0
|  39|0x0000000709800000, 0x0000000709800000, 0x0000000709a00000|  0%| F|  |TAMS 0x0000000709800000| PB 0x0000000709800000| Untracked |  0
|  40|0x0000000709a00000, 0x0000000709a00000, 0x0000000709c00000|  0%| F|  |TAMS 0x0000000709a00000| PB 0x0000000709a00000| Untracked |  0
|  41|0x0000000709c00000, 0x0000000709c00000, 0x0000000709e00000|  0%| F|  |TAMS 0x0000000709c00000| PB 0x0000000709c00000| Untracked |  0
|  42|0x0000000709e00000, 0x0000000709e00000, 0x000000070a000000|  0%| F|  |TAMS 0x0000000709e00000| PB 0x0000000709e00000| Untracked |  0
|  43|0x000000070a000000, 0x000000070a000000, 0x000000070a200000|  0%| F|  |TAMS 0x000000070a000000| PB 0x000000070a000000| Untracked |  0
|  44|0x000000070a200000, 0x000000070a200000, 0x000000070a400000|  0%| F|  |TAMS 0x000000070a200000| PB 0x000000070a200000| Untracked |  0
|  45|0x000000070a400000, 0x000000070a400000, 0x000000070a600000|  0%| F|  |TAMS 0x000000070a400000| PB 0x000000070a400000| Untracked |  0
|  46|0x000000070a600000, 0x000000070a600000, 0x000000070a800000|  0%| F|  |TAMS 0x000000070a600000| PB 0x000000070a600000| Untracked |  0
|  47|0x000000070a800000, 0x000000070a800000, 0x000000070aa00000|  0%| F|  |TAMS 0x000000070a800000| PB 0x000000070a800000| Untracked |  0
|  48|0x000000070aa00000, 0x000000070aa00000, 0x000000070ac00000|  0%| F|  |TAMS 0x000000070aa00000| PB 0x000000070aa00000| Untracked |  0
|  49|0x000000070ac00000, 0x000000070ac00000, 0x000000070ae00000|  0%| F|  |TAMS 0x000000070ac00000| PB 0x000000070ac00000| Untracked |  0
|  50|0x000000070ae00000, 0x000000070ae00000, 0x000000070b000000|  0%| F|  |TAMS 0x000000070ae00000| PB 0x000000070ae00000| Untracked |  0
|  51|0x000000070b000000, 0x000000070b000000, 0x000000070b200000|  0%| F|  |TAMS 0x000000070b000000| PB 0x000000070b000000| Untracked |  0
|  52|0x000000070b200000, 0x000000070b200000, 0x000000070b400000|  0%| F|  |TAMS 0x000000070b200000| PB 0x000000070b200000| Untracked |  0
|  53|0x000000070b400000, 0x000000070b400000, 0x000000070b600000|  0%| F|  |TAMS 0x000000070b400000| PB 0x000000070b400000| Untracked |  0
|  54|0x000000070b600000, 0x000000070b600000, 0x000000070b800000|  0%| F|  |TAMS 0x000000070b600000| PB 0x000000070b600000| Untracked |  0
|  55|0x000000070b800000, 0x000000070b800000, 0x000000070ba00000|  0%| F|  |TAMS 0x000000070b800000| PB 0x000000070b800000| Untracked |  0
|  56|0x000000070ba00000, 0x000000070ba00000, 0x000000070bc00000|  0%| F|  |TAMS 0x000000070ba00000| PB 0x000000070ba00000| Untracked |  0
|  57|0x000000070bc00000, 0x000000070bc00000, 0x000000070be00000|  0%| F|  |TAMS 0x000000070bc00000| PB 0x000000070bc00000| Untracked |  0
|  58|0x000000070be00000, 0x000000070be00000, 0x000000070c000000|  0%| F|  |TAMS 0x000000070be00000| PB 0x000000070be00000| Untracked |  0
|  59|0x000000070c000000, 0x000000070c000000, 0x000000070c200000|  0%| F|  |TAMS 0x000000070c000000| PB 0x000000070c000000| Untracked |  0
|  60|0x000000070c200000, 0x000000070c200000, 0x000000070c400000|  0%| F|  |TAMS 0x000000070c200000| PB 0x000000070c200000| Untracked |  0
|  61|0x000000070c400000, 0x000000070c400000, 0x000000070c600000|  0%| F|  |TAMS 0x000000070c400000| PB 0x000000070c400000| Untracked |  0
|  62|0x000000070c600000, 0x000000070c600000, 0x000000070c800000|  0%| F|  |TAMS 0x000000070c600000| PB 0x000000070c600000| Untracked |  0
|  63|0x000000070c800000, 0x000000070c800000, 0x000000070ca00000|  0%| F|  |TAMS 0x000000070c800000| PB 0x000000070c800000| Untracked |  0
|  64|0x000000070ca00000, 0x000000070ca00000, 0x000000070cc00000|  0%| F|  |TAMS 0x000000070ca00000| PB 0x000000070ca00000| Untracked |  0
|  65|0x000000070cc00000, 0x000000070cc00000, 0x000000070ce00000|  0%| F|  |TAMS 0x000000070cc00000| PB 0x000000070cc00000| Untracked |  0
|  66|0x000000070ce00000, 0x000000070ce00000, 0x000000070d000000|  0%| F|  |TAMS 0x000000070ce00000| PB 0x000000070ce00000| Untracked |  0
|  67|0x000000070d000000, 0x000000070d000000, 0x000000070d200000|  0%| F|  |TAMS 0x000000070d000000| PB 0x000000070d000000| Untracked |  0
|  68|0x000000070d200000, 0x000000070d200000, 0x000000070d400000|  0%| F|  |TAMS 0x000000070d200000| PB 0x000000070d200000| Untracked |  0
|  69|0x000000070d400000, 0x000000070d400000, 0x000000070d600000|  0%| F|  |TAMS 0x000000070d400000| PB 0x000000070d400000| Untracked |  0
|  70|0x000000070d600000, 0x000000070d600000, 0x000000070d800000|  0%| F|  |TAMS 0x000000070d600000| PB 0x000000070d600000| Untracked |  0
|  71|0x000000070d800000, 0x000000070d800000, 0x000000070da00000|  0%| F|  |TAMS 0x000000070d800000| PB 0x000000070d800000| Untracked |  0
|  72|0x000000070da00000, 0x000000070da00000, 0x000000070dc00000|  0%| F|  |TAMS 0x000000070da00000| PB 0x000000070da00000| Untracked |  0
|  73|0x000000070dc00000, 0x000000070dc00000, 0x000000070de00000|  0%| F|  |TAMS 0x000000070dc00000| PB 0x000000070dc00000| Untracked |  0
|  74|0x000000070de00000, 0x000000070de00000, 0x000000070e000000|  0%| F|  |TAMS 0x000000070de00000| PB 0x000000070de00000| Untracked |  0
|  75|0x000000070e000000, 0x000000070e000000, 0x000000070e200000|  0%| F|  |TAMS 0x000000070e000000| PB 0x000000070e000000| Untracked |  0
|  76|0x000000070e200000, 0x000000070e200000, 0x000000070e400000|  0%| F|  |TAMS 0x000000070e200000| PB 0x000000070e200000| Untracked |  0
|  77|0x000000070e400000, 0x000000070e400000, 0x000000070e600000|  0%| F|  |TAMS 0x000000070e400000| PB 0x000000070e400000| Untracked |  0
|  78|0x000000070e600000, 0x000000070e600000, 0x000000070e800000|  0%| F|  |TAMS 0x000000070e600000| PB 0x000000070e600000| Untracked |  0
|  79|0x000000070e800000, 0x000000070e800000, 0x000000070ea00000|  0%| F|  |TAMS 0x000000070e800000| PB 0x000000070e800000| Untracked |  0
|  80|0x000000070ea00000, 0x000000070ea00000, 0x000000070ec00000|  0%| F|  |TAMS 0x000000070ea00000| PB 0x000000070ea00000| Untracked |  0
|  81|0x000000070ec00000, 0x000000070ec00000, 0x000000070ee00000|  0%| F|  |TAMS 0x000000070ec00000| PB 0x000000070ec00000| Untracked |  0
|  82|0x000000070ee00000, 0x000000070ee00000, 0x000000070f000000|  0%| F|  |TAMS 0x000000070ee00000| PB 0x000000070ee00000| Untracked |  0
|  83|0x000000070f000000, 0x000000070f000000, 0x000000070f200000|  0%| F|  |TAMS 0x000000070f000000| PB 0x000000070f000000| Untracked |  0
|  84|0x000000070f200000, 0x000000070f200000, 0x000000070f400000|  0%| F|  |TAMS 0x000000070f200000| PB 0x000000070f200000| Untracked |  0
|  85|0x000000070f400000, 0x000000070f400000, 0x000000070f600000|  0%| F|  |TAMS 0x000000070f400000| PB 0x000000070f400000| Untracked |  0
|  86|0x000000070f600000, 0x000000070f600000, 0x000000070f800000|  0%| F|  |TAMS 0x000000070f600000| PB 0x000000070f600000| Untracked |  0
|  87|0x000000070f800000, 0x000000070f800000, 0x000000070fa00000|  0%| F|  |TAMS 0x000000070f800000| PB 0x000000070f800000| Untracked |  0
|  88|0x000000070fa00000, 0x000000070fa00000, 0x000000070fc00000|  0%| F|  |TAMS 0x000000070fa00000| PB 0x000000070fa00000| Untracked |  0
|  89|0x000000070fc00000, 0x000000070fc00000, 0x000000070fe00000|  0%| F|  |TAMS 0x000000070fc00000| PB 0x000000070fc00000| Untracked |  0
|  90|0x000000070fe00000, 0x000000070fe00000, 0x0000000710000000|  0%| F|  |TAMS 0x000000070fe00000| PB 0x000000070fe00000| Untracked |  0
|  91|0x0000000710000000, 0x0000000710000000, 0x0000000710200000|  0%| F|  |TAMS 0x0000000710000000| PB 0x0000000710000000| Untracked |  0
|  92|0x0000000710200000, 0x0000000710200000, 0x0000000710400000|  0%| F|  |TAMS 0x0000000710200000| PB 0x0000000710200000| Untracked |  0
|  93|0x0000000710400000, 0x0000000710400000, 0x0000000710600000|  0%| F|  |TAMS 0x0000000710400000| PB 0x0000000710400000| Untracked |  0
|  94|0x0000000710600000, 0x0000000710600000, 0x0000000710800000|  0%| F|  |TAMS 0x0000000710600000| PB 0x0000000710600000| Untracked |  0
|  95|0x0000000710800000, 0x0000000710800000, 0x0000000710a00000|  0%| F|  |TAMS 0x0000000710800000| PB 0x0000000710800000| Untracked |  0
|  96|0x0000000710a00000, 0x0000000710a00000, 0x0000000710c00000|  0%| F|  |TAMS 0x0000000710a00000| PB 0x0000000710a00000| Untracked |  0
|  97|0x0000000710c00000, 0x0000000710c00000, 0x0000000710e00000|  0%| F|  |TAMS 0x0000000710c00000| PB 0x0000000710c00000| Untracked |  0
|  98|0x0000000710e00000, 0x0000000710e00000, 0x0000000711000000|  0%| F|  |TAMS 0x0000000710e00000| PB 0x0000000710e00000| Untracked |  0
|  99|0x0000000711000000, 0x0000000711000000, 0x0000000711200000|  0%| F|  |TAMS 0x0000000711000000| PB 0x0000000711000000| Untracked |  0
| 100|0x0000000711200000, 0x0000000711200000, 0x0000000711400000|  0%| F|  |TAMS 0x0000000711200000| PB 0x0000000711200000| Untracked |  0
| 101|0x0000000711400000, 0x0000000711400000, 0x0000000711600000|  0%| F|  |TAMS 0x0000000711400000| PB 0x0000000711400000| Untracked |  0
| 102|0x0000000711600000, 0x0000000711600000, 0x0000000711800000|  0%| F|  |TAMS 0x0000000711600000| PB 0x0000000711600000| Untracked |  0
| 103|0x0000000711800000, 0x0000000711800000, 0x0000000711a00000|  0%| F|  |TAMS 0x0000000711800000| PB 0x0000000711800000| Untracked |  0
| 104|0x0000000711a00000, 0x0000000711a00000, 0x0000000711c00000|  0%| F|  |TAMS 0x0000000711a00000| PB 0x0000000711a00000| Untracked |  0
| 105|0x0000000711c00000, 0x0000000711c00000, 0x0000000711e00000|  0%| F|  |TAMS 0x0000000711c00000| PB 0x0000000711c00000| Untracked |  0
| 106|0x0000000711e00000, 0x0000000711e00000, 0x0000000712000000|  0%| F|  |TAMS 0x0000000711e00000| PB 0x0000000711e00000| Untracked |  0
| 107|0x0000000712000000, 0x0000000712000000, 0x0000000712200000|  0%| F|  |TAMS 0x0000000712000000| PB 0x0000000712000000| Untracked |  0
| 108|0x0000000712200000, 0x0000000712200000, 0x0000000712400000|  0%| F|  |TAMS 0x0000000712200000| PB 0x0000000712200000| Untracked |  0
| 109|0x0000000712400000, 0x0000000712400000, 0x0000000712600000|  0%| F|  |TAMS 0x0000000712400000| PB 0x0000000712400000| Untracked |  0
| 110|0x0000000712600000, 0x0000000712600000, 0x0000000712800000|  0%| F|  |TAMS 0x0000000712600000| PB 0x0000000712600000| Untracked |  0
| 111|0x0000000712800000, 0x0000000712800000, 0x0000000712a00000|  0%| F|  |TAMS 0x0000000712800000| PB 0x0000000712800000| Untracked |  0
| 112|0x0000000712a00000, 0x0000000712a00000, 0x0000000712c00000|  0%| F|  |TAMS 0x0000000712a00000| PB 0x0000000712a00000| Untracked |  0
| 113|0x0000000712c00000, 0x0000000712c00000, 0x0000000712e00000|  0%| F|  |TAMS 0x0000000712c00000| PB 0x0000000712c00000| Untracked |  0
| 114|0x0000000712e00000, 0x0000000712e00000, 0x0000000713000000|  0%| F|  |TAMS 0x0000000712e00000| PB 0x0000000712e00000| Untracked |  0
| 115|0x0000000713000000, 0x0000000713000000, 0x0000000713200000|  0%| F|  |TAMS 0x0000000713000000| PB 0x0000000713000000| Untracked |  0
| 116|0x0000000713200000, 0x0000000713200000, 0x0000000713400000|  0%| F|  |TAMS 0x0000000713200000| PB 0x0000000713200000| Untracked |  0
| 117|0x0000000713400000, 0x0000000713400000, 0x0000000713600000|  0%| F|  |TAMS 0x0000000713400000| PB 0x0000000713400000| Untracked |  0
| 118|0x0000000713600000, 0x0000000713600000, 0x0000000713800000|  0%| F|  |TAMS 0x0000000713600000| PB 0x0000000713600000| Untracked |  0
| 119|0x0000000713800000, 0x0000000713800000, 0x0000000713a00000|  0%| F|  |TAMS 0x0000000713800000| PB 0x0000000713800000| Untracked |  0
| 120|0x0000000713a00000, 0x0000000713af5c48, 0x0000000713c00000| 48%| E|  |TAMS 0x0000000713a00000| PB 0x0000000713a00000| Complete |  0
| 121|0x0000000713c00000, 0x0000000713e00000, 0x0000000713e00000|100%| E|CS|TAMS 0x0000000713c00000| PB 0x0000000713c00000| Complete |  0
| 122|0x0000000713e00000, 0x0000000714000000, 0x0000000714000000|100%| E|CS|TAMS 0x0000000713e00000| PB 0x0000000713e00000| Complete |  0
| 123|0x0000000714000000, 0x0000000714200000, 0x0000000714200000|100%| E|CS|TAMS 0x0000000714000000| PB 0x0000000714000000| Complete |  0
| 124|0x0000000714200000, 0x0000000714400000, 0x0000000714400000|100%| E|CS|TAMS 0x0000000714200000| PB 0x0000000714200000| Complete |  0
| 125|0x0000000714400000, 0x0000000714600000, 0x0000000714600000|100%| E|CS|TAMS 0x0000000714400000| PB 0x0000000714400000| Complete |  0
|2010|0x00000007ffe00000, 0x00000007fff1d1c0, 0x0000000800000000| 55%| O|  |TAMS 0x00000007ffe00000| PB 0x00000007ffe00000| Untracked |  0

Card table byte_map: [0x0000029a67510000,0x0000029a67cf0000] _byte_map_base: 0x0000029a63ceb000

Marking Bits: (CMBitMap*) 0x0000029a4ee956c0
 Bits: [0x0000029a67cf0000, 0x0000029a6bbc8000)

Polling page: 0x0000029a4cca0000

Metaspace:

Usage:
  Non-class:      3.03 MB used.
      Class:    319.24 KB used.
       Both:      3.34 MB used.

Virtual space:
  Non-class space:       64.00 MB reserved,       3.12 MB (  5%) committed,  1 nodes.
      Class space:        1.00 GB reserved,     384.00 KB ( <1%) committed,  1 nodes.
             Both:        1.06 GB reserved,       3.50 MB ( <1%) committed. 

Chunk freelists:
   Non-Class:  11.36 MB
       Class:  15.63 MB
        Both:  26.99 MB

MaxMetaspaceSize: unlimited
CompressedClassSpaceSize: 1.00 GB
Initial GC threshold: 21.00 MB
Current GC threshold: 21.00 MB
CDS: on
 - commit_granule_bytes: 65536.
 - commit_granule_words: 8192.
 - virtual_space_node_default_size: 8388608.
 - enlarge_chunks_in_place: 1.
UseCompressedClassPointers 1, UseCompactObjectHeaders 0
Narrow klass pointer bits 32, Max shift 3
Narrow klass base: 0x0000029a00000000, Narrow klass shift: 0
Encoding Range: [0x0000029a00000000 - 0x0000029b00000000), (4294967296 bytes)
Klass Range:    [0x0000029a00000000 - 0x0000029a41000000), (1090519040 bytes)
Klass ID Range:  [8 - 1090519033) (1090519025)


Internal statistics:

num_allocs_failed_limit: 0.
num_arena_births: 44.
num_arena_deaths: 0.
num_vsnodes_births: 2.
num_vsnodes_deaths: 0.
num_space_committed: 56.
num_space_uncommitted: 0.
num_chunks_returned_to_freelist: 0.
num_chunks_taken_from_freelist: 88.
num_chunk_merges: 0.
num_chunk_splits: 56.
num_chunks_enlarged: 37.
num_inconsistent_stats: 0.

CodeHeap 'non-profiled nmethods': size=120064Kb used=199Kb max_used=199Kb free=119864Kb
 bounds [0x0000029a5f190000, 0x0000029a5f400000, 0x0000029a666d0000]
CodeHeap 'profiled nmethods': size=120000Kb used=831Kb max_used=831Kb free=119168Kb
 bounds [0x0000029a576d0000, 0x0000029a57940000, 0x0000029a5ec00000]
CodeHeap 'non-nmethods': size=5696Kb used=1300Kb max_used=1315Kb free=4395Kb
 bounds [0x0000029a5ec00000, 0x0000029a5ee70000, 0x0000029a5f190000]
CodeCache: size=245760Kb, used=2330Kb, max_used=2345Kb, free=243427Kb
 total_blobs=1115, nmethods=645, adapters=376, full_count=0
Compilation: enabled, stopped_count=0, restarted_count=0

Compilation events (20 events):
Event: 0.190 Thread 0x0000029a45021f60  621       3       jdk.internal.classfile.impl.AbstractPoolEntry$ClassEntryImpl::hashCode (37 bytes)
Event: 0.191 Thread 0x0000029a45574010 nmethod 592 0x0000029a5f1be408 code [0x0000029a5f1be520, 0x0000029a5f1be688]
Event: 0.191 Thread 0x0000029a45574010  598       4       java.lang.AbstractStringBuilder::ensureCapacityInternal (39 bytes)
Event: 0.191 Thread 0x0000029a45021f60 nmethod 621 0x0000029a57799808 code [0x0000029a577999e0, 0x0000029a5779a508]
Event: 0.191 Thread 0x0000029a45021f60  623       3       java.lang.Math::toRadians (6 bytes)
Event: 0.191 Thread 0x0000029a45021f60 nmethod 623 0x0000029a5779a588 code [0x0000029a5779a6c0, 0x0000029a5779a7b0]
Event: 0.191 Thread 0x0000029a45021f60  622       3       java.lang.StringConcatHelper::newArrayWithSuffix (35 bytes)
Event: 0.191 Thread 0x0000029a45021f60 nmethod 622 0x0000029a5779a888 code [0x0000029a5779aa00, 0x0000029a5779b1d8]
Event: 0.191 Thread 0x0000029a45021f60  626       3       jdk.internal.classfile.impl.AbstractPoolEntry$Utf8EntryImpl::stringValue (5 bytes)
Event: 0.191 Thread 0x0000029a45021f60 nmethod 626 0x0000029a5779b208 code [0x0000029a5779b320, 0x0000029a5779b4d8]
Event: 0.191 Thread 0x0000029a45021f60  628       3       jdk.internal.classfile.impl.StackMapGenerator$Frame::checkStack (96 bytes)
Event: 0.192 Thread 0x0000029a45021f60 nmethod 628 0x0000029a5779b508 code [0x0000029a5779b6a0, 0x0000029a5779bf10]
Event: 0.192 Thread 0x0000029a45021f60  627       3       jdk.internal.classfile.impl.AbstractPoolEntry$Utf8EntryImpl::toString (88 bytes)
Event: 0.192 Thread 0x0000029a45021f60 nmethod 627 0x0000029a5779bf88 code [0x0000029a5779c0e0, 0x0000029a5779c538]
Event: 0.192 Thread 0x0000029a45021f60  625       1       jdk.internal.classfile.impl.AbstractAttributeMapper::allowMultiple (5 bytes)
Event: 0.192 Thread 0x0000029a45574010 nmethod 598 0x0000029a5f1bea08 code [0x0000029a5f1beb20, 0x0000029a5f1bf018]
Event: 0.192 Thread 0x0000029a45021f60 nmethod 625 0x0000029a5f1bf088 code [0x0000029a5f1bf180, 0x0000029a5f1bf248]
Event: 0.192 Thread 0x0000029a45574010  629       4       java.util.Arrays::copyOfRange (82 bytes)
Event: 0.193 Thread 0x0000029a45021f60  630       1       jdk.internal.loader.BuiltinClassLoader$LoadedModule::loader (5 bytes)
Event: 0.193 Thread 0x0000029a45021f60 nmethod 630 0x0000029a5f1bf388 code [0x0000029a5f1bf480, 0x0000029a5f1bf548]

GC Heap History (0 events):
No events

Dll operation events (8 events):
Event: 0.005 Loaded shared library C:\Program Files\Java\jdk-24\bin\java.dll
Event: 0.030 Loaded shared library C:\Program Files\Java\jdk-24\bin\jsvml.dll
Event: 0.052 Loaded shared library C:\Program Files\Java\jdk-24\bin\zip.dll
Event: 0.053 Loaded shared library C:\Program Files\Java\jdk-24\bin\instrument.dll
Event: 0.056 Loaded shared library C:\Program Files\Java\jdk-24\bin\net.dll
Event: 0.057 Loaded shared library C:\Program Files\Java\jdk-24\bin\nio.dll
Event: 0.060 Loaded shared library C:\Program Files\Java\jdk-24\bin\zip.dll
Event: 0.082 Loaded shared library C:\Program Files\Java\jdk-24\bin\extnet.dll

Deoptimization events (12 events):
Event: 0.113 Thread 0x0000029a4ee317e0 DEOPT PACKING pc=0x0000029a5770c879 sp=0x000000c1dfefe2e0
Event: 0.113 Thread 0x0000029a4ee317e0 DEOPT UNPACKING pc=0x0000029a5ec55722 sp=0x000000c1dfefd730 mode 0
Event: 0.118 Thread 0x0000029a4ee317e0 DEOPT PACKING pc=0x0000029a5770c879 sp=0x000000c1dfefe0a0
Event: 0.118 Thread 0x0000029a4ee317e0 DEOPT UNPACKING pc=0x0000029a5ec55722 sp=0x000000c1dfefd4f0 mode 0
Event: 0.132 Thread 0x0000029a4ee317e0 DEOPT PACKING pc=0x0000029a5770bd10 sp=0x000000c1dfefab50
Event: 0.132 Thread 0x0000029a4ee317e0 DEOPT UNPACKING pc=0x0000029a5ec55722 sp=0x000000c1dfefa010 mode 0
Event: 0.135 Thread 0x0000029a4ee317e0 DEOPT PACKING pc=0x0000029a5770bd10 sp=0x000000c1dfefaa40
Event: 0.135 Thread 0x0000029a4ee317e0 DEOPT UNPACKING pc=0x0000029a5ec55722 sp=0x000000c1dfef9f00 mode 0
Event: 0.169 Thread 0x0000029a454d4d00 Uncommon trap: trap_request=0xffffff4d fr.pc=0x0000029a5f19e724 relative=0x00000000000006e4
Event: 0.169 Thread 0x0000029a454d4d00 Uncommon trap: reason=unstable_if action=reinterpret pc=0x0000029a5f19e724 method=java.util.HashMap.putVal(ILjava/lang/Object;Ljava/lang/Object;ZZ)Ljava/lang/Object; @ 181 c2
Event: 0.169 Thread 0x0000029a454d4d00 DEOPT PACKING pc=0x0000029a5f19e724 sp=0x000000c1e11fdf70
Event: 0.169 Thread 0x0000029a454d4d00 DEOPT UNPACKING pc=0x0000029a5ed15c02 sp=0x000000c1e11fdef0 mode 2

Classes loaded (20 events):
Event: 0.178 Loading class sun/nio/fs/WindowsDirectoryStream
Event: 0.178 Loading class java/nio/file/DirectoryStream
Event: 0.178 Loading class java/nio/file/DirectoryStream done
Event: 0.178 Loading class sun/nio/fs/WindowsDirectoryStream done
Event: 0.178 Loading class sun/nio/fs/WindowsDirectoryStream$WindowsDirectoryIterator
Event: 0.178 Loading class sun/nio/fs/WindowsDirectoryStream$WindowsDirectoryIterator done
Event: 0.178 Loading class sun/nio/fs/WindowsPath$WindowsPathWithAttributes
Event: 0.178 Loading class sun/nio/fs/BasicFileAttributesHolder
Event: 0.178 Loading class sun/nio/fs/BasicFileAttributesHolder done
Event: 0.178 Loading class sun/nio/fs/WindowsPath$WindowsPathWithAttributes done
Event: 0.186 Loading class sun/security/provider/AbstractDrbg$NonceProvider
Event: 0.186 Loading class sun/security/provider/AbstractDrbg$NonceProvider done
Event: 0.187 Loading class sun/security/provider/SHA2$SHA256
Event: 0.187 Loading class sun/security/provider/SHA2
Event: 0.187 Loading class sun/security/provider/SHA2 done
Event: 0.187 Loading class sun/security/provider/SHA2$SHA256 done
Event: 0.188 Loading class java/awt/geom/Point2D
Event: 0.188 Loading class java/awt/geom/Point2D done
Event: 0.188 Loading class java/awt/geom/Point2D$Double
Event: 0.188 Loading class java/awt/geom/Point2D$Double done

Classes unloaded (0 events):
No events

Classes redefined (0 events):
No events

Internal exceptions (6 events):
Event: 0.065 Thread 0x0000029a4ee317e0 Exception <a 'java/lang/NoSuchMethodError'{0x0000000714258998}: 'void java.lang.invoke.DirectMethodHandle$Holder.invokeStatic(java.lang.Object, java.lang.Object, java.lang.Object)'> (0x0000000714258998) 
thrown [s\open\src\hotspot\share\interpreter\linkResolver.cpp, line 805]
Event: 0.070 Thread 0x0000029a4ee317e0 Exception <a 'java/lang/NoSuchMethodError'{0x000000071428d558}: 'java.lang.Object java.lang.invoke.Invokers$Holder.invokeExact_MT(java.lang.Object, java.lang.Object, java.lang.Object, java.lang.Object, java.lang.Object)'> (0x000000071428d558) 
thrown [s\open\src\hotspot\share\interpreter\linkResolver.cpp, line 805]
Event: 0.079 Thread 0x0000029a4525d0b0 Exception <a 'java/lang/NoSuchMethodError'{0x00000007143f0b00}: 'java.lang.Object java.lang.invoke.DirectMethodHandle$Holder.invokeStaticInit(java.lang.Object)'> (0x00000007143f0b00) 
thrown [s\open\src\hotspot\share\interpreter\linkResolver.cpp, line 805]
Event: 0.083 Thread 0x0000029a4525d0b0 Exception <a 'java/lang/NoSuchMethodError'{0x00000007143fb708}: 'void java.lang.invoke.DirectMethodHandle$Holder.invokeStatic(java.lang.Object, java.lang.Object)'> (0x00000007143fb708) 
thrown [s\open\src\hotspot\share\interpreter\linkResolver.cpp, line 805]
Event: 0.171 Thread 0x0000029a454d4d00 Exception <a 'java/lang/NoSuchMethodError'{0x0000000713c51058}: 'java.lang.Object java.lang.invoke.DirectMethodHandle$Holder.invokeStaticInit(java.lang.Object, int, int, int, int)'> (0x0000000713c51058) 
thrown [s\open\src\hotspot\share\interpreter\linkResolver.cpp, line 805]
Event: 0.184 Thread 0x0000029a454d4d00 Exception <a 'java/lang/NoSuchMethodError'{0x0000000713a233d8}: 'java.lang.Object java.lang.invoke.DirectMethodHandle$Holder.invokeStaticInit(java.lang.Object, java.lang.Object, int, int, int, int)'> (0x0000000713a233d8) 
thrown [s\open\src\hotspot\share\interpreter\linkResolver.cpp, line 805]

VM Operations (0 events):
No events

Memory protections (0 events):
No events

Nmethod flushes (0 events):
No events

Events (15 events):
Event: 0.019 Thread 0x0000029a4ee317e0 Thread added: 0x0000029a4ee317e0
Event: 0.027 Thread 0x0000029a4ee317e0 Thread added: 0x0000029a6e06c540
Event: 0.027 Thread 0x0000029a4ee317e0 Thread added: 0x0000029a6e06d140
Event: 0.028 Thread 0x0000029a4ee317e0 Thread added: 0x0000029a6e070600
Event: 0.028 Thread 0x0000029a4ee317e0 Thread added: 0x0000029a6e071460
Event: 0.028 Thread 0x0000029a4ee317e0 Thread added: 0x0000029a6e0748f0
Event: 0.028 Thread 0x0000029a4ee317e0 Thread added: 0x0000029a6e076970
Event: 0.028 Thread 0x0000029a4ee317e0 Thread added: 0x0000029a450183c0
Event: 0.028 Thread 0x0000029a4ee317e0 Thread added: 0x0000029a45021f60
Event: 0.054 Thread 0x0000029a4ee317e0 Thread added: 0x0000029a45213010
Event: 0.072 Thread 0x0000029a4ee317e0 Thread added: 0x0000029a4525d0b0
Event: 0.072 Thread 0x0000029a4ee317e0 Thread added: 0x0000029a4525d7f0
Event: 0.147 Thread 0x0000029a4ee317e0 Thread added: 0x0000029a454d4d00
Event: 0.150 Thread 0x0000029a4ee317e0 Thread added: 0x0000029a45760890
Event: 0.186 Thread 0x0000029a45021f60 Thread added: 0x0000029a45574010


Dynamic libraries:
0x00007ff6891f0000 - 0x00007ff689200000 	C:\Program Files\Java\jdk-24\bin\java.exe
0x00007ff9fbbb0000 - 0x00007ff9fbdc7000 	C:\Windows\SYSTEM32\ntdll.dll
0x00007ff9f9d50000 - 0x00007ff9f9e14000 	C:\Windows\System32\KERNEL32.DLL
0x00007ff9f9140000 - 0x00007ff9f9513000 	C:\Windows\System32\KERNELBASE.dll
0x00007ff9f8de0000 - 0x00007ff9f8ef1000 	C:\Windows\System32\ucrtbase.dll
0x00007ff9e0190000 - 0x00007ff9e01a6000 	C:\Program Files\Java\jdk-24\bin\jli.dll
0x00007ff9e02e0000 - 0x00007ff9e02fb000 	C:\Program Files\Java\jdk-24\bin\VCRUNTIME140.dll
0x00007ff9f9970000 - 0x00007ff9f9b21000 	C:\Windows\System32\USER32.dll
0x00007ff9e5270000 - 0x00007ff9e550b000 	C:\Windows\WinSxS\amd64_microsoft.windows.common-controls_6595b64144ccf1df_6.0.22621.5262_none_2712bde373830908\COMCTL32.dll
0x00007ff9f9110000 - 0x00007ff9f9136000 	C:\Windows\System32\win32u.dll
0x00007ff9fab30000 - 0x00007ff9fabd7000 	C:\Windows\System32\msvcrt.dll
0x00007ff9f98b0000 - 0x00007ff9f98d9000 	C:\Windows\System32\GDI32.dll
0x00007ff9f9710000 - 0x00007ff9f9832000 	C:\Windows\System32\gdi32full.dll
0x00007ff9f8f00000 - 0x00007ff9f8f9a000 	C:\Windows\System32\msvcp_win.dll
0x00007ff9fa140000 - 0x00007ff9fa171000 	C:\Windows\System32\IMM32.DLL
0x00007ff9de4d0000 - 0x00007ff9de4dc000 	C:\Program Files\Java\jdk-24\bin\vcruntime140_1.dll
0x00007ff99fb00000 - 0x00007ff99fb8e000 	C:\Program Files\Java\jdk-24\bin\msvcp140.dll
0x00007ff995ce0000 - 0x00007ff996a82000 	C:\Program Files\Java\jdk-24\bin\server\jvm.dll
0x00007ff9fbab0000 - 0x00007ff9fbb61000 	C:\Windows\System32\ADVAPI32.dll
0x00007ff9f9e20000 - 0x00007ff9f9ec7000 	C:\Windows\System32\sechost.dll
0x00007ff9f96e0000 - 0x00007ff9f9708000 	C:\Windows\System32\bcrypt.dll
0x00007ff9fb990000 - 0x00007ff9fbaa4000 	C:\Windows\System32\RPCRT4.dll
0x00007ff9fad90000 - 0x00007ff9fae01000 	C:\Windows\System32\WS2_32.dll
0x00007ff9f7b30000 - 0x00007ff9f7b7d000 	C:\Windows\SYSTEM32\POWRPROF.dll
0x00007ff9ecd00000 - 0x00007ff9ecd0a000 	C:\Windows\SYSTEM32\VERSION.dll
0x00007ff9ef5f0000 - 0x00007ff9ef624000 	C:\Windows\SYSTEM32\WINMM.dll
0x00007ff9f7b10000 - 0x00007ff9f7b23000 	C:\Windows\SYSTEM32\UMPDC.dll
0x00007ff9f7dd0000 - 0x00007ff9f7de8000 	C:\Windows\SYSTEM32\kernel.appcore.dll
0x00007ff9de4c0000 - 0x00007ff9de4ca000 	C:\Program Files\Java\jdk-24\bin\jimage.dll
0x00007ff9f60b0000 - 0x00007ff9f62e2000 	C:\Windows\SYSTEM32\DBGHELP.DLL
0x00007ff9fb510000 - 0x00007ff9fb8a3000 	C:\Windows\System32\combase.dll
0x00007ff9fb8b0000 - 0x00007ff9fb987000 	C:\Windows\System32\OLEAUT32.dll
0x00007ff9c0900000 - 0x00007ff9c0932000 	C:\Windows\SYSTEM32\dbgcore.DLL
0x00007ff9f9660000 - 0x00007ff9f96db000 	C:\Windows\System32\bcryptPrimitives.dll
0x00007ff9dbe00000 - 0x00007ff9dbe0f000 	C:\Program Files\Java\jdk-24\bin\instrument.dll
0x00007ff9da5e0000 - 0x00007ff9da5fe000 	C:\Program Files\Java\jdk-24\bin\java.dll
0x00007ff9fabe0000 - 0x00007ff9fad81000 	C:\Windows\System32\ole32.dll
0x00007ff9fa290000 - 0x00007ff9fab2d000 	C:\Windows\System32\SHELL32.dll
0x00007ff9f8ca0000 - 0x00007ff9f8ddf000 	C:\Windows\System32\wintypes.dll
0x00007ff9f6ba0000 - 0x00007ff9f74bd000 	C:\Windows\SYSTEM32\windows.storage.dll
0x00007ff9fa180000 - 0x00007ff9fa28b000 	C:\Windows\System32\SHCORE.dll
0x00007ff9f98e0000 - 0x00007ff9f9946000 	C:\Windows\System32\shlwapi.dll
0x00007ff9f8bd0000 - 0x00007ff9f8bfb000 	C:\Windows\SYSTEM32\profapi.dll
0x00007ff99b060000 - 0x00007ff99b137000 	C:\Program Files\Java\jdk-24\bin\jsvml.dll
0x00007ff9da450000 - 0x00007ff9da467000 	C:\Program Files\Java\jdk-24\bin\zip.dll
0x00007ff9dbdf0000 - 0x00007ff9dbe00000 	C:\Program Files\Java\jdk-24\bin\net.dll
0x00007ff9f8250000 - 0x00007ff9f82ba000 	C:\Windows\system32\mswsock.dll
0x00007ff9da430000 - 0x00007ff9da446000 	C:\Program Files\Java\jdk-24\bin\nio.dll
0x00007ff9da680000 - 0x00007ff9da689000 	C:\Program Files\Java\jdk-24\bin\extnet.dll
0x00007ff9f84b0000 - 0x00007ff9f84cb000 	C:\Windows\SYSTEM32\CRYPTSP.dll
0x00007ff9f7d30000 - 0x00007ff9f7d67000 	C:\Windows\system32\rsaenh.dll
0x00007ff9f8340000 - 0x00007ff9f8368000 	C:\Windows\SYSTEM32\USERENV.dll
0x00007ff9f84a0000 - 0x00007ff9f84ac000 	C:\Windows\SYSTEM32\CRYPTBASE.dll
0x00007ff9f77a0000 - 0x00007ff9f77cd000 	C:\Windows\SYSTEM32\IPHLPAPI.DLL
0x00007ff9f9b30000 - 0x00007ff9f9b39000 	C:\Windows\System32\NSI.dll

JVMTI agents:
D:\App\IntelliJ IDEA 2025.1\lib\idea_rt.jar path:C:\Program Files\Java\jdk-24\bin\instrument.dll, loaded, initialized, instrumentlib options:57052

dbghelp: loaded successfully - version: 4.0.5 - missing functions: none
symbol engine: initialized successfully - sym options: 0x614 - pdb path: .;C:\Program Files\Java\jdk-24\bin;C:\Windows\SYSTEM32;C:\Windows\WinSxS\amd64_microsoft.windows.common-controls_6595b64144ccf1df_6.0.22621.5262_none_2712bde373830908;C:\Program Files\Java\jdk-24\bin\server

VM Arguments:
jvm_args: -javaagent:D:\App\IntelliJ IDEA 2025.1\lib\idea_rt.jar=57052 -Dfile.encoding=UTF-8 -Dsun.stdout.encoding=UTF-8 -Dsun.stderr.encoding=UTF-8 
java_command: org.keyyh.stickmanfighter.server.GameServer
java_class_path (initial): D:\Project\Stickman-Fighter\stickman-server\target\classes;D:\Project\Stickman-Fighter\stickman-common\target\classes;C:\Users\admin\.m2\repository\com\esotericsoftware\kryo\5.6.0\kryo-5.6.0.jar;C:\Users\admin\.m2\repository\com\esotericsoftware\reflectasm\1.11.9\reflectasm-1.11.9.jar;C:\Users\admin\.m2\repository\org\objenesis\objenesis\3.3\objenesis-3.3.jar;C:\Users\admin\.m2\repository\com\esotericsoftware\minlog\1.3.1\minlog-1.3.1.jar
Launcher Type: SUN_STANDARD

[Global flags]
     intx CICompilerCount                          = 4                                         {product} {ergonomic}
     uint ConcGCThreads                            = 3                                         {product} {ergonomic}
     uint G1ConcRefinementThreads                  = 10                                        {product} {ergonomic}
   size_t G1HeapRegionSize                         = 2097152                                   {product} {ergonomic}
   size_t InitialHeapSize                          = 264241152                                 {product} {ergonomic}
   size_t MarkStackSize                            = 4194304                                   {product} {ergonomic}
   size_t MarkStackSizeMax                         = 536870912                                 {product} {ergonomic}
   size_t MaxHeapSize                              = 4217372672                                {product} {ergonomic}
   size_t MaxNewSize                               = 2529165312                                {product} {ergonomic}
   size_t MinHeapDeltaBytes                        = 2097152                                   {product} {ergonomic}
   size_t MinHeapSize                              = 8388608                                   {product} {ergonomic}
    uintx NonNMethodCodeHeapSize                   = 5832704                                {pd product} {ergonomic}
    uintx NonProfiledCodeHeapSize                  = 122945536                              {pd product} {ergonomic}
     bool PerfDisableSharedMem                     = true                                      {product} {ergonomic}
    uintx ProfiledCodeHeapSize                     = 122880000                              {pd product} {ergonomic}
    uintx ReservedCodeCacheSize                    = 251658240                              {pd product} {ergonomic}
     bool SegmentedCodeCache                       = true                                      {product} {ergonomic}
   size_t SoftMaxHeapSize                          = 4217372672                             {manageable} {ergonomic}
     bool UseCompressedOops                        = true                           {product lp64_product} {ergonomic}
     bool UseG1GC                                  = true                                      {product} {ergonomic}
     bool UseLargePagesIndividualAllocation        = false                                  {pd product} {ergonomic}

Logging:
Log output configuration:
 #0: stdout all=warning uptime,level,tags foldmultilines=false
 #1: stderr all=off uptime,level,tags foldmultilines=false

Environment Variables:
PATH=C:\Program Files\Common Files\Oracle\Java\javapath;C:\Program Files (x86)\Common Files\Oracle\Java\java8path;C:\Program Files (x86)\Common Files\Oracle\Java\javapath;C:\Windows\system32;C:\Windows;C:\Windows\System32\Wbem;C:\Windows\System32\WindowsPowerShell\v1.0\;C:\Windows\System32\OpenSSH\;C:\Program Files (x86)\NVIDIA Corporation\PhysX\Common;C:\Program Files\NVIDIA Corporation\NVIDIA NvDLISR;D:\App\Git\cmd;D:\App\nodejs\;C:\Users\admin\AppData\Local\Microsoft\WindowsApps;D:\App\Microsoft VS Code\bin;D:\App\IntelliJ IDEA 2025.1\bin;;C:\Users\admin\AppData\Roaming\npm
USERNAME=admin
OS=Windows_NT
PROCESSOR_IDENTIFIER=Intel64 Family 6 Model 186 Stepping 2, GenuineIntel
TMP=C:\Users\admin\AppData\Local\Temp
TEMP=C:\Users\admin\AppData\Local\Temp




Periodic native trim disabled

---------------  S Y S T E M  ---------------

OS:
 Windows 11 , 64 bit Build 22621 (10.0.22621.5262)
OS uptime: 1 days 9:09 hours
Hyper-V role detected

CPU: total 12 (initial active 12) (6 cores per cpu, 2 threads per core) family 6 model 186 stepping 2 microcode 0x4112, cx8, cmov, fxsr, ht, mmx, 3dnowpref, sse, sse2, sse3, ssse3, sse4.1, sse4.2, popcnt, lzcnt, tsc, tscinvbit, avx, avx2, aes, erms, clmul, bmi1, bmi2, adx, sha, fma, vzeroupper, clflush, clflushopt, clwb, hv, serialize, rdtscp, rdpid, fsrm, gfni, f16c, cet_ibt, cet_ss
Processor Information for processor 0
  Max Mhz: 2100, Current Mhz: 2100, Mhz Limit: 2100
Processor Information for processor 1
  Max Mhz: 2100, Current Mhz: 2100, Mhz Limit: 2100
Processor Information for processor 2
  Max Mhz: 2100, Current Mhz: 2100, Mhz Limit: 2100
Processor Information for processor 3
  Max Mhz: 2100, Current Mhz: 2100, Mhz Limit: 2100
Processor Information for processor 4
  Max Mhz: 2100, Current Mhz: 2100, Mhz Limit: 2100
Processor Information for processor 5
  Max Mhz: 2100, Current Mhz: 2100, Mhz Limit: 2100
Processor Information for processor 6
  Max Mhz: 2100, Current Mhz: 2100, Mhz Limit: 2100
Processor Information for processor 7
  Max Mhz: 2100, Current Mhz: 2100, Mhz Limit: 2100
Processor Information for processor 8
  Max Mhz: 2100, Current Mhz: 1500, Mhz Limit: 1491
Processor Information for processor 9
  Max Mhz: 2100, Current Mhz: 1500, Mhz Limit: 1491
Processor Information for processor 10
  Max Mhz: 2100, Current Mhz: 1500, Mhz Limit: 1491
Processor Information for processor 11
  Max Mhz: 2100, Current Mhz: 1500, Mhz Limit: 1491

Memory: 4k page, system-wide physical 16087M (4382M free)
TotalPageFile size 25815M (AvailPageFile size 8512M)
current process WorkingSet (physical memory assigned to process): 58M, peak: 58M
current process commit charge ("private bytes"): 355M, peak: 355M

vm_info: Java HotSpot(TM) 64-Bit Server VM (24.0.1+9-30) for windows-amd64 JRE (24.0.1+9-30), built on 2025-03-05T07:23:45Z with MS VC++ 17.6 (VS2022)

END.
